[1.204s] DEBUG:colcon:Command line arguments: ['/usr/bin/colcon', 'build', '--symlink-install']
[1.205s] DEBUG:colcon:Parsed command line arguments: Namespace(allow_overriding=[], ament_cmake_args=None, base_paths=['.'], build_base='build', catkin_cmake_args=None, catkin_skip_building_tests=False, cmake_args=None, cmake_clean_cache=False, cmake_clean_first=False, cmake_force_configure=False, cmake_target=None, cmake_target_skip_unavailable=False, continue_on_error=False, event_handlers=None, executor='parallel', ignore_user_meta=False, install_base='install', log_base=None, log_level=None, main=<bound method BuildVerb.main of <colcon_core.verb.build.BuildVerb object at 0xffffbb4bb7c0>>, merge_install=False, metas=['./colcon.meta'], packages_above=None, packages_above_and_dependencies=None, packages_above_depth=None, packages_end=None, packages_ignore=None, packages_ignore_regex=None, packages_select=None, packages_select_build_failed=False, packages_select_by_dep=None, packages_select_regex=None, packages_select_test_failures=False, packages_skip=None, packages_skip_build_finished=False, packages_skip_by_dep=None, packages_skip_regex=None, packages_skip_test_passed=False, packages_skip_up_to=None, packages_start=None, packages_up_to=None, packages_up_to_regex=None, parallel_workers=4, paths=None, symlink_install=True, test_result_base=None, verb_extension=<colcon_core.verb.build.BuildVerb object at 0xffffbb4bb7c0>, verb_name='build', verb_parser=<colcon_defaults.argument_parser.defaults.DefaultArgumentsDecorator object at 0xffffbb4c54c0>)
[1.334s] Level 1:colcon.colcon_core.package_discovery:discover_packages(colcon_meta) check parameters
[1.335s] Level 1:colcon.colcon_core.package_discovery:discover_packages(recursive) check parameters
[1.335s] Level 1:colcon.colcon_core.package_discovery:discover_packages(ignore) check parameters
[1.335s] Level 1:colcon.colcon_core.package_discovery:discover_packages(path) check parameters
[1.335s] Level 1:colcon.colcon_core.package_discovery:discover_packages(colcon_meta) discover
[1.335s] Level 1:colcon.colcon_core.package_discovery:discover_packages(recursive) discover
[1.335s] INFO:colcon.colcon_core.package_discovery:Crawling recursively for packages in '/home/pi/robot_workspace/packages'
[1.336s] Level 1:colcon.colcon_core.package_identification:_identify(.) by extensions ['ignore', 'ignore_ament_install']
[1.336s] Level 1:colcon.colcon_core.package_identification:_identify(.) by extension 'ignore'
[1.336s] Level 1:colcon.colcon_core.package_identification:_identify(.) by extension 'ignore_ament_install'
[1.337s] Level 1:colcon.colcon_core.package_identification:_identify(.) by extensions ['colcon_pkg']
[1.337s] Level 1:colcon.colcon_core.package_identification:_identify(.) by extension 'colcon_pkg'
[1.337s] Level 1:colcon.colcon_core.package_identification:_identify(.) by extensions ['colcon_meta']
[1.337s] Level 1:colcon.colcon_core.package_identification:_identify(.) by extension 'colcon_meta'
[1.337s] Level 1:colcon.colcon_core.package_identification:_identify(.) by extensions ['ros']
[1.337s] Level 1:colcon.colcon_core.package_identification:_identify(.) by extension 'ros'
[1.412s] Level 1:colcon.colcon_core.package_identification:_identify(.) by extensions ['cmake', 'python']
[1.412s] Level 1:colcon.colcon_core.package_identification:_identify(.) by extension 'cmake'
[1.412s] Level 1:colcon.colcon_core.package_identification:_identify(.) by extension 'python'
[1.412s] Level 1:colcon.colcon_core.package_identification:_identify(.) by extensions ['python_setup_py']
[1.412s] Level 1:colcon.colcon_core.package_identification:_identify(.) by extension 'python_setup_py'
[1.413s] Level 1:colcon.colcon_core.package_identification:_identify(build) by extensions ['ignore', 'ignore_ament_install']
[1.413s] Level 1:colcon.colcon_core.package_identification:_identify(build) by extension 'ignore'
[1.413s] Level 1:colcon.colcon_core.package_identification:_identify(build) ignored
[1.414s] Level 1:colcon.colcon_core.package_identification:_identify(install) by extensions ['ignore', 'ignore_ament_install']
[1.414s] Level 1:colcon.colcon_core.package_identification:_identify(install) by extension 'ignore'
[1.414s] Level 1:colcon.colcon_core.package_identification:_identify(install) ignored
[1.415s] Level 1:colcon.colcon_core.package_identification:_identify(log) by extensions ['ignore', 'ignore_ament_install']
[1.415s] Level 1:colcon.colcon_core.package_identification:_identify(log) by extension 'ignore'
[1.415s] Level 1:colcon.colcon_core.package_identification:_identify(log) ignored
[1.415s] Level 1:colcon.colcon_core.package_identification:_identify(src) by extensions ['ignore', 'ignore_ament_install']
[1.416s] Level 1:colcon.colcon_core.package_identification:_identify(src) by extension 'ignore'
[1.416s] Level 1:colcon.colcon_core.package_identification:_identify(src) by extension 'ignore_ament_install'
[1.416s] Level 1:colcon.colcon_core.package_identification:_identify(src) by extensions ['colcon_pkg']
[1.416s] Level 1:colcon.colcon_core.package_identification:_identify(src) by extension 'colcon_pkg'
[1.416s] Level 1:colcon.colcon_core.package_identification:_identify(src) by extensions ['colcon_meta']
[1.417s] Level 1:colcon.colcon_core.package_identification:_identify(src) by extension 'colcon_meta'
[1.417s] Level 1:colcon.colcon_core.package_identification:_identify(src) by extensions ['ros']
[1.417s] Level 1:colcon.colcon_core.package_identification:_identify(src) by extension 'ros'
[1.417s] Level 1:colcon.colcon_core.package_identification:_identify(src) by extensions ['cmake', 'python']
[1.417s] Level 1:colcon.colcon_core.package_identification:_identify(src) by extension 'cmake'
[1.417s] Level 1:colcon.colcon_core.package_identification:_identify(src) by extension 'python'
[1.418s] Level 1:colcon.colcon_core.package_identification:_identify(src) by extensions ['python_setup_py']
[1.418s] Level 1:colcon.colcon_core.package_identification:_identify(src) by extension 'python_setup_py'
[1.418s] Level 1:colcon.colcon_core.package_identification:_identify(src/rplidar_ros2) by extensions ['ignore', 'ignore_ament_install']
[1.419s] Level 1:colcon.colcon_core.package_identification:_identify(src/rplidar_ros2) by extension 'ignore'
[1.419s] Level 1:colcon.colcon_core.package_identification:_identify(src/rplidar_ros2) by extension 'ignore_ament_install'
[1.419s] Level 1:colcon.colcon_core.package_identification:_identify(src/rplidar_ros2) by extensions ['colcon_pkg']
[1.419s] Level 1:colcon.colcon_core.package_identification:_identify(src/rplidar_ros2) by extension 'colcon_pkg'
[1.419s] Level 1:colcon.colcon_core.package_identification:_identify(src/rplidar_ros2) by extensions ['colcon_meta']
[1.419s] Level 1:colcon.colcon_core.package_identification:_identify(src/rplidar_ros2) by extension 'colcon_meta'
[1.419s] Level 1:colcon.colcon_core.package_identification:_identify(src/rplidar_ros2) by extensions ['ros']
[1.420s] Level 1:colcon.colcon_core.package_identification:_identify(src/rplidar_ros2) by extension 'ros'
[1.428s] DEBUG:colcon.colcon_core.package_identification:Package 'src/rplidar_ros2' with type 'ros.ament_cmake' and name 'rplidar_ros'
[1.429s] Level 1:colcon.colcon_core.package_discovery:discover_packages(recursive) using defaults
[1.429s] Level 1:colcon.colcon_core.package_discovery:discover_packages(ignore) discover
[1.429s] Level 1:colcon.colcon_core.package_discovery:discover_packages(ignore) using defaults
[1.429s] Level 1:colcon.colcon_core.package_discovery:discover_packages(path) discover
[1.429s] Level 1:colcon.colcon_core.package_discovery:discover_packages(path) using defaults
[1.498s] Level 1:colcon.colcon_core.package_discovery:discover_packages(prefix_path) check parameters
[1.498s] Level 1:colcon.colcon_core.package_discovery:discover_packages(prefix_path) discover
[1.519s] DEBUG:colcon.colcon_installed_package_information.package_discovery:Found 256 installed packages in /opt/ros/foxy
[1.525s] Level 1:colcon.colcon_core.package_discovery:discover_packages(prefix_path) using defaults
[1.826s] Level 5:colcon.colcon_core.verb:set package 'rplidar_ros' build argument 'cmake_args' from command line to 'None'
[1.826s] Level 5:colcon.colcon_core.verb:set package 'rplidar_ros' build argument 'cmake_target' from command line to 'None'
[1.826s] Level 5:colcon.colcon_core.verb:set package 'rplidar_ros' build argument 'cmake_target_skip_unavailable' from command line to 'False'
[1.826s] Level 5:colcon.colcon_core.verb:set package 'rplidar_ros' build argument 'cmake_clean_cache' from command line to 'False'
[1.826s] Level 5:colcon.colcon_core.verb:set package 'rplidar_ros' build argument 'cmake_clean_first' from command line to 'False'
[1.826s] Level 5:colcon.colcon_core.verb:set package 'rplidar_ros' build argument 'cmake_force_configure' from command line to 'False'
[1.827s] Level 5:colcon.colcon_core.verb:set package 'rplidar_ros' build argument 'ament_cmake_args' from command line to 'None'
[1.827s] Level 5:colcon.colcon_core.verb:set package 'rplidar_ros' build argument 'catkin_cmake_args' from command line to 'None'
[1.827s] Level 5:colcon.colcon_core.verb:set package 'rplidar_ros' build argument 'catkin_skip_building_tests' from command line to 'False'
[1.827s] DEBUG:colcon.colcon_core.verb:Building package 'rplidar_ros' with the following arguments: {'ament_cmake_args': None, 'build_base': '/home/pi/robot_workspace/packages/build/rplidar_ros', 'catkin_cmake_args': None, 'catkin_skip_building_tests': False, 'cmake_args': None, 'cmake_clean_cache': False, 'cmake_clean_first': False, 'cmake_force_configure': False, 'cmake_target': None, 'cmake_target_skip_unavailable': False, 'install_base': '/home/pi/robot_workspace/packages/install/rplidar_ros', 'merge_install': False, 'path': '/home/pi/robot_workspace/packages/src/rplidar_ros2', 'symlink_install': True, 'test_result_base': None}
[1.830s] INFO:colcon.colcon_core.executor:Executing jobs using 'parallel' executor
[1.842s] DEBUG:colcon.colcon_parallel_executor.executor.parallel:run_until_complete
[1.844s] INFO:colcon.colcon_ros.task.ament_cmake.build:Building ROS package in '/home/pi/robot_workspace/packages/src/rplidar_ros2' with build type 'ament_cmake'
[1.844s] INFO:colcon.colcon_cmake.task.cmake.build:Building CMake package in '/home/pi/robot_workspace/packages/src/rplidar_ros2'
[1.862s] INFO:colcon.colcon_core.plugin_system:Skipping extension 'colcon_core.shell.bat': Not used on non-Windows systems
[1.863s] INFO:colcon.colcon_core.shell:Skip shell extension 'powershell' for command environment: Not usable outside of PowerShell
[1.863s] DEBUG:colcon.colcon_core.shell:Skip shell extension 'dsv' for command environment
[1.898s] DEBUG:colcon.colcon_core.event_handler.log_command:Invoking command in '/home/pi/robot_workspace/packages/build/rplidar_ros': CMAKE_PREFIX_PATH=/opt/ros/foxy /usr/bin/cmake /home/pi/robot_workspace/packages/src/rplidar_ros2 -DAMENT_CMAKE_SYMLINK_INSTALL=1 -DCMAKE_INSTALL_PREFIX=/home/pi/robot_workspace/packages/install/rplidar_ros
[9.441s] DEBUG:colcon.colcon_core.event_handler.log_command:Invoked command in '/home/pi/robot_workspace/packages/build/rplidar_ros' returned '0': CMAKE_PREFIX_PATH=/opt/ros/foxy /usr/bin/cmake /home/pi/robot_workspace/packages/src/rplidar_ros2 -DAMENT_CMAKE_SYMLINK_INSTALL=1 -DCMAKE_INSTALL_PREFIX=/home/pi/robot_workspace/packages/install/rplidar_ros
[9.452s] DEBUG:colcon.colcon_core.event_handler.log_command:Invoking command in '/home/pi/robot_workspace/packages/build/rplidar_ros': CMAKE_PREFIX_PATH=/opt/ros/foxy /usr/bin/cmake --build /home/pi/robot_workspace/packages/build/rplidar_ros -- -j4 -l4
[35.312s] DEBUG:colcon.colcon_core.event_handler.log_command:Invoked command in '/home/pi/robot_workspace/packages/build/rplidar_ros' returned '0': CMAKE_PREFIX_PATH=/opt/ros/foxy /usr/bin/cmake --build /home/pi/robot_workspace/packages/build/rplidar_ros -- -j4 -l4
[35.542s] DEBUG:colcon.colcon_core.event_handler.log_command:Invoking command in '/home/pi/robot_workspace/packages/build/rplidar_ros': CMAKE_PREFIX_PATH=/opt/ros/foxy /usr/bin/cmake --install /home/pi/robot_workspace/packages/build/rplidar_ros
[36.770s] Level 1:colcon.colcon_core.environment:create_environment_scripts_only(rplidar_ros)
[36.772s] DEBUG:colcon.colcon_core.event_handler.log_command:Invoked command in '/home/pi/robot_workspace/packages/build/rplidar_ros' returned '0': CMAKE_PREFIX_PATH=/opt/ros/foxy /usr/bin/cmake --install /home/pi/robot_workspace/packages/build/rplidar_ros
[36.797s] Level 1:colcon.colcon_core.environment:checking '/home/pi/robot_workspace/packages/install/rplidar_ros' for CMake module files
[36.799s] Level 1:colcon.colcon_core.environment:checking '/home/pi/robot_workspace/packages/install/rplidar_ros' for CMake config files
[36.803s] Level 1:colcon.colcon_core.shell:create_environment_hook('rplidar_ros', 'cmake_prefix_path')
[36.808s] INFO:colcon.colcon_core.shell:Creating environment hook '/home/pi/robot_workspace/packages/install/rplidar_ros/share/rplidar_ros/hook/cmake_prefix_path.ps1'
[36.810s] INFO:colcon.colcon_core.shell:Creating environment descriptor '/home/pi/robot_workspace/packages/install/rplidar_ros/share/rplidar_ros/hook/cmake_prefix_path.dsv'
[36.811s] INFO:colcon.colcon_core.shell:Creating environment hook '/home/pi/robot_workspace/packages/install/rplidar_ros/share/rplidar_ros/hook/cmake_prefix_path.sh'
[36.814s] Level 1:colcon.colcon_core.environment:checking '/home/pi/robot_workspace/packages/install/rplidar_ros/lib'
[36.815s] Level 1:colcon.colcon_core.shell:create_environment_hook('rplidar_ros', 'ld_library_path_lib')
[36.820s] INFO:colcon.colcon_core.shell:Creating environment hook '/home/pi/robot_workspace/packages/install/rplidar_ros/share/rplidar_ros/hook/ld_library_path_lib.ps1'
[36.822s] INFO:colcon.colcon_core.shell:Creating environment descriptor '/home/pi/robot_workspace/packages/install/rplidar_ros/share/rplidar_ros/hook/ld_library_path_lib.dsv'
[36.823s] INFO:colcon.colcon_core.shell:Creating environment hook '/home/pi/robot_workspace/packages/install/rplidar_ros/share/rplidar_ros/hook/ld_library_path_lib.sh'
[36.824s] Level 1:colcon.colcon_core.environment:checking '/home/pi/robot_workspace/packages/install/rplidar_ros/bin'
[36.824s] Level 1:colcon.colcon_core.environment:checking '/home/pi/robot_workspace/packages/install/rplidar_ros/lib/pkgconfig/rplidar_ros.pc'
[36.825s] Level 1:colcon.colcon_core.environment:checking '/home/pi/robot_workspace/packages/install/rplidar_ros/lib/python3.8/site-packages'
[36.826s] Level 1:colcon.colcon_core.environment:checking '/home/pi/robot_workspace/packages/install/rplidar_ros/bin'
[36.835s] INFO:colcon.colcon_core.shell:Creating package script '/home/pi/robot_workspace/packages/install/rplidar_ros/share/rplidar_ros/package.ps1'
[36.838s] INFO:colcon.colcon_core.shell:Creating package descriptor '/home/pi/robot_workspace/packages/install/rplidar_ros/share/rplidar_ros/package.dsv'
[36.840s] INFO:colcon.colcon_core.shell:Creating package script '/home/pi/robot_workspace/packages/install/rplidar_ros/share/rplidar_ros/package.sh'
[36.843s] INFO:colcon.colcon_core.shell:Creating package script '/home/pi/robot_workspace/packages/install/rplidar_ros/share/rplidar_ros/package.bash'
[36.845s] INFO:colcon.colcon_core.shell:Creating package script '/home/pi/robot_workspace/packages/install/rplidar_ros/share/rplidar_ros/package.zsh'
[36.848s] Level 1:colcon.colcon_core.environment:create_file_with_runtime_dependencies(/home/pi/robot_workspace/packages/install/rplidar_ros/share/colcon-core/packages/rplidar_ros)
[37.038s] Level 1:colcon.colcon_core.environment:create_environment_scripts_only(rplidar_ros)
[37.047s] Level 1:colcon.colcon_core.environment:checking '/home/pi/robot_workspace/packages/install/rplidar_ros' for CMake module files
[37.049s] Level 1:colcon.colcon_core.environment:checking '/home/pi/robot_workspace/packages/install/rplidar_ros' for CMake config files
[37.053s] Level 1:colcon.colcon_core.shell:create_environment_hook('rplidar_ros', 'cmake_prefix_path')
[37.058s] INFO:colcon.colcon_core.shell:Creating environment hook '/home/pi/robot_workspace/packages/install/rplidar_ros/share/rplidar_ros/hook/cmake_prefix_path.ps1'
[37.060s] INFO:colcon.colcon_core.shell:Creating environment descriptor '/home/pi/robot_workspace/packages/install/rplidar_ros/share/rplidar_ros/hook/cmake_prefix_path.dsv'
[37.061s] INFO:colcon.colcon_core.shell:Creating environment hook '/home/pi/robot_workspace/packages/install/rplidar_ros/share/rplidar_ros/hook/cmake_prefix_path.sh'
[37.064s] Level 1:colcon.colcon_core.environment:checking '/home/pi/robot_workspace/packages/install/rplidar_ros/lib'
[37.064s] Level 1:colcon.colcon_core.shell:create_environment_hook('rplidar_ros', 'ld_library_path_lib')
[37.069s] INFO:colcon.colcon_core.shell:Creating environment hook '/home/pi/robot_workspace/packages/install/rplidar_ros/share/rplidar_ros/hook/ld_library_path_lib.ps1'
[37.071s] INFO:colcon.colcon_core.shell:Creating environment descriptor '/home/pi/robot_workspace/packages/install/rplidar_ros/share/rplidar_ros/hook/ld_library_path_lib.dsv'
[37.073s] INFO:colcon.colcon_core.shell:Creating environment hook '/home/pi/robot_workspace/packages/install/rplidar_ros/share/rplidar_ros/hook/ld_library_path_lib.sh'
[37.074s] Level 1:colcon.colcon_core.environment:checking '/home/pi/robot_workspace/packages/install/rplidar_ros/bin'
[37.075s] Level 1:colcon.colcon_core.environment:checking '/home/pi/robot_workspace/packages/install/rplidar_ros/lib/pkgconfig/rplidar_ros.pc'
[37.075s] Level 1:colcon.colcon_core.environment:checking '/home/pi/robot_workspace/packages/install/rplidar_ros/lib/python3.8/site-packages'
[37.076s] Level 1:colcon.colcon_core.environment:checking '/home/pi/robot_workspace/packages/install/rplidar_ros/bin'
[37.081s] INFO:colcon.colcon_core.shell:Creating package script '/home/pi/robot_workspace/packages/install/rplidar_ros/share/rplidar_ros/package.ps1'
[37.083s] INFO:colcon.colcon_core.shell:Creating package descriptor '/home/pi/robot_workspace/packages/install/rplidar_ros/share/rplidar_ros/package.dsv'
[37.086s] INFO:colcon.colcon_core.shell:Creating package script '/home/pi/robot_workspace/packages/install/rplidar_ros/share/rplidar_ros/package.sh'
[37.088s] INFO:colcon.colcon_core.shell:Creating package script '/home/pi/robot_workspace/packages/install/rplidar_ros/share/rplidar_ros/package.bash'
[37.090s] INFO:colcon.colcon_core.shell:Creating package script '/home/pi/robot_workspace/packages/install/rplidar_ros/share/rplidar_ros/package.zsh'
[37.092s] Level 1:colcon.colcon_core.environment:create_file_with_runtime_dependencies(/home/pi/robot_workspace/packages/install/rplidar_ros/share/colcon-core/packages/rplidar_ros)
[37.094s] DEBUG:colcon.colcon_parallel_executor.executor.parallel:closing loop
[37.095s] DEBUG:colcon.colcon_parallel_executor.executor.parallel:loop closed
[37.095s] DEBUG:colcon.colcon_parallel_executor.executor.parallel:run_until_complete finished with '0'
[37.096s] DEBUG:colcon.colcon_core.event_reactor:joining thread
[37.126s] INFO:colcon.colcon_core.plugin_system:Skipping extension 'colcon_notification.desktop_notification.notify_send': Could not find 'notify-send'
[37.127s] INFO:colcon.colcon_core.plugin_system:Skipping extension 'colcon_notification.desktop_notification.terminal_notifier': Not used on non-Darwin systems
[37.127s] INFO:colcon.colcon_core.plugin_system:Skipping extension 'colcon_notification.desktop_notification.win32': Not used on non-Windows systems
[37.128s] INFO:colcon.colcon_notification.desktop_notification:Sending desktop notification using 'notify2'
[37.166s] DEBUG:colcon.colcon_notification.desktop_notification.notify2:Failed to initialize notify2: org.freedesktop.DBus.Error.ServiceUnknown: The name org.freedesktop.Notifications was not provided by any .service files
[37.167s] DEBUG:colcon.colcon_core.event_reactor:joined thread
[37.173s] INFO:colcon.colcon_core.shell:Creating prefix script '/home/pi/robot_workspace/packages/install/local_setup.ps1'
[37.178s] INFO:colcon.colcon_core.shell:Creating prefix util module '/home/pi/robot_workspace/packages/install/_local_setup_util_ps1.py'
[37.183s] INFO:colcon.colcon_core.shell:Creating prefix chain script '/home/pi/robot_workspace/packages/install/setup.ps1'
[37.188s] INFO:colcon.colcon_core.shell:Creating prefix script '/home/pi/robot_workspace/packages/install/local_setup.sh'
[37.190s] INFO:colcon.colcon_core.shell:Creating prefix util module '/home/pi/robot_workspace/packages/install/_local_setup_util_sh.py'
[37.192s] INFO:colcon.colcon_core.shell:Creating prefix chain script '/home/pi/robot_workspace/packages/install/setup.sh'
[37.197s] INFO:colcon.colcon_core.shell:Creating prefix script '/home/pi/robot_workspace/packages/install/local_setup.bash'
[37.199s] INFO:colcon.colcon_core.shell:Creating prefix chain script '/home/pi/robot_workspace/packages/install/setup.bash'
[37.203s] INFO:colcon.colcon_core.shell:Creating prefix script '/home/pi/robot_workspace/packages/install/local_setup.zsh'
[37.205s] INFO:colcon.colcon_core.shell:Creating prefix chain script '/home/pi/robot_workspace/packages/install/setup.zsh'
