running egg_info
creating build/robot_description/robot_description.egg-info
writing build/robot_description/robot_description.egg-info/PKG-INFO
writing dependency_links to build/robot_description/robot_description.egg-info/dependency_links.txt
writing entry points to build/robot_description/robot_description.egg-info/entry_points.txt
writing requirements to build/robot_description/robot_description.egg-info/requires.txt
writing top-level names to build/robot_description/robot_description.egg-info/top_level.txt
writing manifest file 'build/robot_description/robot_description.egg-info/SOURCES.txt'
reading manifest file 'build/robot_description/robot_description.egg-info/SOURCES.txt'
writing manifest file 'build/robot_description/robot_description.egg-info/SOURCES.txt'
running build
running build_py
creating /home/cas/Desktop/noonooBot/pi/robot_workspace/src/robot_description/build/robot_description/build
creating /home/cas/Desktop/noonooBot/pi/robot_workspace/src/robot_description/build/robot_description/build/lib
creating /home/cas/Desktop/noonooBot/pi/robot_workspace/src/robot_description/build/robot_description/build/lib/robot_description
copying robot_description/__init__.py -> /home/cas/Desktop/noonooBot/pi/robot_workspace/src/robot_description/build/robot_description/build/lib/robot_description
copying robot_description/state_publisher.py -> /home/cas/Desktop/noonooBot/pi/robot_workspace/src/robot_description/build/robot_description/build/lib/robot_description
running install
running install_lib
creating /home/cas/Desktop/noonooBot/pi/robot_workspace/src/robot_description/install/robot_description/lib/python3.10/site-packages/robot_description
copying /home/cas/Desktop/noonooBot/pi/robot_workspace/src/robot_description/build/robot_description/build/lib/robot_description/__init__.py -> /home/cas/Desktop/noonooBot/pi/robot_workspace/src/robot_description/install/robot_description/lib/python3.10/site-packages/robot_description
copying /home/cas/Desktop/noonooBot/pi/robot_workspace/src/robot_description/build/robot_description/build/lib/robot_description/state_publisher.py -> /home/cas/Desktop/noonooBot/pi/robot_workspace/src/robot_description/install/robot_description/lib/python3.10/site-packages/robot_description
byte-compiling /home/cas/Desktop/noonooBot/pi/robot_workspace/src/robot_description/install/robot_description/lib/python3.10/site-packages/robot_description/__init__.py to __init__.cpython-310.pyc
byte-compiling /home/cas/Desktop/noonooBot/pi/robot_workspace/src/robot_description/install/robot_description/lib/python3.10/site-packages/robot_description/state_publisher.py to state_publisher.cpython-310.pyc
running install_data
creating /home/cas/Desktop/noonooBot/pi/robot_workspace/src/robot_description/install/robot_description/share/ament_index
creating /home/cas/Desktop/noonooBot/pi/robot_workspace/src/robot_description/install/robot_description/share/ament_index/resource_index
creating /home/cas/Desktop/noonooBot/pi/robot_workspace/src/robot_description/install/robot_description/share/ament_index/resource_index/packages
copying resource/robot_description -> /home/cas/Desktop/noonooBot/pi/robot_workspace/src/robot_description/install/robot_description/share/ament_index/resource_index/packages
copying package.xml -> /home/cas/Desktop/noonooBot/pi/robot_workspace/src/robot_description/install/robot_description/share/robot_description
copying launch/demo.launch.py -> /home/cas/Desktop/noonooBot/pi/robot_workspace/src/robot_description/install/robot_description/share/robot_description
copying urdf/robot.urdf -> /home/cas/Desktop/noonooBot/pi/robot_workspace/src/robot_description/install/robot_description/share/robot_description
running install_egg_info
Copying build/robot_description/robot_description.egg-info to /home/cas/Desktop/noonooBot/pi/robot_workspace/src/robot_description/install/robot_description/lib/python3.10/site-packages/robot_description-0.0.0-py3.10.egg-info
running install_scripts
Installing state_publisher script to /home/cas/Desktop/noonooBot/pi/robot_workspace/src/robot_description/install/robot_description/lib/robot_description
writing list of installed files to '/home/cas/Desktop/noonooBot/pi/robot_workspace/src/robot_description/build/robot_description/install.log'
