running egg_info
creating build/booty_description/booty_description.egg-info
writing build/booty_description/booty_description.egg-info/PKG-INFO
writing dependency_links to build/booty_description/booty_description.egg-info/dependency_links.txt
writing entry points to build/booty_description/booty_description.egg-info/entry_points.txt
writing requirements to build/booty_description/booty_description.egg-info/requires.txt
writing top-level names to build/booty_description/booty_description.egg-info/top_level.txt
writing manifest file 'build/booty_description/booty_description.egg-info/SOURCES.txt'
reading manifest file 'build/booty_description/booty_description.egg-info/SOURCES.txt'
writing manifest file 'build/booty_description/booty_description.egg-info/SOURCES.txt'
running build
running build_py
creating /home/nick/ros2_ws/src/booty_description/build/booty_description/build
creating /home/nick/ros2_ws/src/booty_description/build/booty_description/build/lib
creating /home/nick/ros2_ws/src/booty_description/build/booty_description/build/lib/booty_description
copying booty_description/__init__.py -> /home/nick/ros2_ws/src/booty_description/build/booty_description/build/lib/booty_description
copying booty_description/state_publisher.py -> /home/nick/ros2_ws/src/booty_description/build/booty_description/build/lib/booty_description
running install
running install_lib
creating /home/nick/ros2_ws/src/booty_description/install/booty_description/lib/python3.10/site-packages/booty_description
copying /home/nick/ros2_ws/src/booty_description/build/booty_description/build/lib/booty_description/__init__.py -> /home/nick/ros2_ws/src/booty_description/install/booty_description/lib/python3.10/site-packages/booty_description
copying /home/nick/ros2_ws/src/booty_description/build/booty_description/build/lib/booty_description/state_publisher.py -> /home/nick/ros2_ws/src/booty_description/install/booty_description/lib/python3.10/site-packages/booty_description
byte-compiling /home/nick/ros2_ws/src/booty_description/install/booty_description/lib/python3.10/site-packages/booty_description/__init__.py to __init__.cpython-310.pyc
byte-compiling /home/nick/ros2_ws/src/booty_description/install/booty_description/lib/python3.10/site-packages/booty_description/state_publisher.py to state_publisher.cpython-310.pyc
running install_data
creating /home/nick/ros2_ws/src/booty_description/install/booty_description/share/ament_index
creating /home/nick/ros2_ws/src/booty_description/install/booty_description/share/ament_index/resource_index
creating /home/nick/ros2_ws/src/booty_description/install/booty_description/share/ament_index/resource_index/packages
copying resource/booty_description -> /home/nick/ros2_ws/src/booty_description/install/booty_description/share/ament_index/resource_index/packages
copying package.xml -> /home/nick/ros2_ws/src/booty_description/install/booty_description/share/booty_description
copying launch/display.launch.py -> /home/nick/ros2_ws/src/booty_description/install/booty_description/share/booty_description
copying launch/gazebo.launch.py -> /home/nick/ros2_ws/src/booty_description/install/booty_description/share/booty_description
copying launch/demo.launch.py -> /home/nick/ros2_ws/src/booty_description/install/booty_description/share/booty_description
copying urdf/booty.urdf -> /home/nick/ros2_ws/src/booty_description/install/booty_description/share/booty_description
running install_egg_info
Copying build/booty_description/booty_description.egg-info to /home/nick/ros2_ws/src/booty_description/install/booty_description/lib/python3.10/site-packages/booty_description-0.0.0-py3.10.egg-info
running install_scripts
Installing state_publisher script to /home/nick/ros2_ws/src/booty_description/install/booty_description/lib/booty_description
writing list of installed files to '/home/nick/ros2_ws/src/booty_description/build/booty_description/install.log'
