[0.179s] DEBUG:colcon:Command line arguments: ['/usr/bin/colcon', 'build']
[0.179s] DEBUG:colcon:Parsed command line arguments: Namespace(log_base=None, log_level=None, verb_name='build', build_base='build', install_base='install', merge_install=False, symlink_install=False, test_result_base=None, continue_on_error=False, executor='parallel', parallel_workers=20, event_handlers=None, ignore_user_meta=False, metas=['./colcon.meta'], base_paths=['.'], packages_ignore=None, packages_ignore_regex=None, paths=None, packages_up_to=None, packages_up_to_regex=None, packages_above=None, packages_above_and_dependencies=None, packages_above_depth=None, packages_select_by_dep=None, packages_skip_by_dep=None, packages_skip_up_to=None, packages_select_build_failed=False, packages_skip_build_finished=False, packages_select_test_failures=False, packages_skip_test_passed=False, packages_select=None, packages_skip=None, packages_select_regex=None, packages_skip_regex=None, packages_start=None, packages_end=None, allow_overriding=[], cmake_args=None, cmake_target=None, cmake_target_skip_unavailable=False, cmake_clean_cache=False, cmake_clean_first=False, cmake_force_configure=False, ament_cmake_args=None, catkin_cmake_args=None, catkin_skip_building_tests=False, verb_parser=<colcon_defaults.argument_parser.defaults.DefaultArgumentsDecorator object at 0x7f1fddefb280>, verb_extension=<colcon_core.verb.build.BuildVerb object at 0x7f1fde64b6d0>, main=<bound method BuildVerb.main of <colcon_core.verb.build.BuildVerb object at 0x7f1fde64b6d0>>)
[0.194s] Level 1:colcon.colcon_core.package_discovery:discover_packages(colcon_meta) check parameters
[0.194s] Level 1:colcon.colcon_core.package_discovery:discover_packages(recursive) check parameters
[0.194s] Level 1:colcon.colcon_core.package_discovery:discover_packages(ignore) check parameters
[0.194s] Level 1:colcon.colcon_core.package_discovery:discover_packages(path) check parameters
[0.194s] Level 1:colcon.colcon_core.package_discovery:discover_packages(colcon_meta) discover
[0.194s] Level 1:colcon.colcon_core.package_discovery:discover_packages(recursive) discover
[0.194s] INFO:colcon.colcon_core.package_discovery:Crawling recursively for packages in '/home/nick/ros2_ws/src/booty_description'
[0.194s] Level 1:colcon.colcon_core.package_identification:_identify(.) by extensions ['ignore', 'ignore_ament_install']
[0.194s] Level 1:colcon.colcon_core.package_identification:_identify(.) by extension 'ignore'
[0.194s] Level 1:colcon.colcon_core.package_identification:_identify(.) by extension 'ignore_ament_install'
[0.194s] Level 1:colcon.colcon_core.package_identification:_identify(.) by extensions ['colcon_pkg']
[0.194s] Level 1:colcon.colcon_core.package_identification:_identify(.) by extension 'colcon_pkg'
[0.194s] Level 1:colcon.colcon_core.package_identification:_identify(.) by extensions ['colcon_meta']
[0.194s] Level 1:colcon.colcon_core.package_identification:_identify(.) by extension 'colcon_meta'
[0.194s] Level 1:colcon.colcon_core.package_identification:_identify(.) by extensions ['ros']
[0.194s] Level 1:colcon.colcon_core.package_identification:_identify(.) by extension 'ros'
[0.201s] DEBUG:colcon.colcon_core.package_identification:Package '.' with type 'ros.ament_python' and name 'booty_description'
[0.201s] Level 1:colcon.colcon_core.package_discovery:discover_packages(recursive) using defaults
[0.201s] Level 1:colcon.colcon_core.package_discovery:discover_packages(ignore) discover
[0.202s] Level 1:colcon.colcon_core.package_discovery:discover_packages(ignore) using defaults
[0.202s] Level 1:colcon.colcon_core.package_discovery:discover_packages(path) discover
[0.202s] Level 1:colcon.colcon_core.package_discovery:discover_packages(path) using defaults
[0.216s] Level 1:colcon.colcon_core.package_discovery:discover_packages(prefix_path) check parameters
[0.216s] Level 1:colcon.colcon_core.package_discovery:discover_packages(prefix_path) discover
[0.218s] DEBUG:colcon.colcon_installed_package_information.package_discovery:Found 341 installed packages in /opt/ros/humble
[0.219s] Level 1:colcon.colcon_core.package_discovery:discover_packages(prefix_path) using defaults
[0.251s] Level 5:colcon.colcon_core.verb:set package 'booty_description' build argument 'cmake_args' from command line to 'None'
[0.251s] Level 5:colcon.colcon_core.verb:set package 'booty_description' build argument 'cmake_target' from command line to 'None'
[0.251s] Level 5:colcon.colcon_core.verb:set package 'booty_description' build argument 'cmake_target_skip_unavailable' from command line to 'False'
[0.251s] Level 5:colcon.colcon_core.verb:set package 'booty_description' build argument 'cmake_clean_cache' from command line to 'False'
[0.251s] Level 5:colcon.colcon_core.verb:set package 'booty_description' build argument 'cmake_clean_first' from command line to 'False'
[0.251s] Level 5:colcon.colcon_core.verb:set package 'booty_description' build argument 'cmake_force_configure' from command line to 'False'
[0.251s] Level 5:colcon.colcon_core.verb:set package 'booty_description' build argument 'ament_cmake_args' from command line to 'None'
[0.251s] Level 5:colcon.colcon_core.verb:set package 'booty_description' build argument 'catkin_cmake_args' from command line to 'None'
[0.251s] Level 5:colcon.colcon_core.verb:set package 'booty_description' build argument 'catkin_skip_building_tests' from command line to 'False'
[0.251s] DEBUG:colcon.colcon_core.verb:Building package 'booty_description' with the following arguments: {'ament_cmake_args': None, 'build_base': '/home/nick/ros2_ws/src/booty_description/build/booty_description', 'catkin_cmake_args': None, 'catkin_skip_building_tests': False, 'cmake_args': None, 'cmake_clean_cache': False, 'cmake_clean_first': False, 'cmake_force_configure': False, 'cmake_target': None, 'cmake_target_skip_unavailable': False, 'install_base': '/home/nick/ros2_ws/src/booty_description/install/booty_description', 'merge_install': False, 'path': '/home/nick/ros2_ws/src/booty_description', 'symlink_install': False, 'test_result_base': None}
[0.252s] INFO:colcon.colcon_core.executor:Executing jobs using 'parallel' executor
[0.255s] DEBUG:colcon.colcon_parallel_executor.executor.parallel:run_until_complete
[0.255s] INFO:colcon.colcon_ros.task.ament_python.build:Building ROS package in '/home/nick/ros2_ws/src/booty_description' with build type 'ament_python'
[0.255s] Level 1:colcon.colcon_core.shell:create_environment_hook('booty_description', 'ament_prefix_path')
[0.259s] INFO:colcon.colcon_core.plugin_system:Skipping extension 'colcon_core.shell.bat': Not used on non-Windows systems
[0.259s] INFO:colcon.colcon_core.shell:Creating environment hook '/home/nick/ros2_ws/src/booty_description/install/booty_description/share/booty_description/hook/ament_prefix_path.ps1'
[0.259s] INFO:colcon.colcon_core.shell:Creating environment descriptor '/home/nick/ros2_ws/src/booty_description/install/booty_description/share/booty_description/hook/ament_prefix_path.dsv'
[0.259s] INFO:colcon.colcon_core.shell:Creating environment hook '/home/nick/ros2_ws/src/booty_description/install/booty_description/share/booty_description/hook/ament_prefix_path.sh'
[0.261s] INFO:colcon.colcon_core.shell:Skip shell extension 'powershell' for command environment: Not usable outside of PowerShell
[0.261s] DEBUG:colcon.colcon_core.shell:Skip shell extension 'dsv' for command environment
[0.387s] INFO:colcon.colcon_core.task.python.build:Building Python package in '/home/nick/ros2_ws/src/booty_description'
[0.389s] INFO:colcon.colcon_core.shell:Skip shell extension 'powershell' for command environment: Not usable outside of PowerShell
[0.389s] DEBUG:colcon.colcon_core.shell:Skip shell extension 'dsv' for command environment
[0.549s] DEBUG:colcon.colcon_core.event_handler.log_command:Invoking command in '/home/nick/ros2_ws/src/booty_description': PYTHONPATH=/home/nick/ros2_ws/src/booty_description/build/booty_description/prefix_override:/home/nick/ros2_ws/src/booty_description/install/booty_description/lib/python3.10/site-packages:${PYTHONPATH} /usr/bin/python3 setup.py egg_info --egg-base build/booty_description build --build-base /home/nick/ros2_ws/src/booty_description/build/booty_description/build install --record /home/nick/ros2_ws/src/booty_description/build/booty_description/install.log --install-scripts $base/lib/booty_description --single-version-externally-managed
[0.690s] DEBUG:colcon.colcon_core.event_handler.log_command:Invoked command in '/home/nick/ros2_ws/src/booty_description' returned '0': PYTHONPATH=/home/nick/ros2_ws/src/booty_description/build/booty_description/prefix_override:/home/nick/ros2_ws/src/booty_description/install/booty_description/lib/python3.10/site-packages:${PYTHONPATH} /usr/bin/python3 setup.py egg_info --egg-base build/booty_description build --build-base /home/nick/ros2_ws/src/booty_description/build/booty_description/build install --record /home/nick/ros2_ws/src/booty_description/build/booty_description/install.log --install-scripts $base/lib/booty_description --single-version-externally-managed
[0.692s] Level 1:colcon.colcon_core.environment:checking '/home/nick/ros2_ws/src/booty_description/install/booty_description' for CMake module files
[0.692s] Level 1:colcon.colcon_core.environment:checking '/home/nick/ros2_ws/src/booty_description/install/booty_description' for CMake config files
[0.693s] Level 1:colcon.colcon_core.environment:checking '/home/nick/ros2_ws/src/booty_description/install/booty_description/lib'
[0.693s] Level 1:colcon.colcon_core.environment:checking '/home/nick/ros2_ws/src/booty_description/install/booty_description/bin'
[0.693s] Level 1:colcon.colcon_core.environment:checking '/home/nick/ros2_ws/src/booty_description/install/booty_description/lib/pkgconfig/booty_description.pc'
[0.693s] Level 1:colcon.colcon_core.environment:checking '/home/nick/ros2_ws/src/booty_description/install/booty_description/lib/python3.10/site-packages'
[0.693s] Level 1:colcon.colcon_core.shell:create_environment_hook('booty_description', 'pythonpath')
[0.694s] INFO:colcon.colcon_core.shell:Creating environment hook '/home/nick/ros2_ws/src/booty_description/install/booty_description/share/booty_description/hook/pythonpath.ps1'
[0.695s] INFO:colcon.colcon_core.shell:Creating environment descriptor '/home/nick/ros2_ws/src/booty_description/install/booty_description/share/booty_description/hook/pythonpath.dsv'
[0.695s] INFO:colcon.colcon_core.shell:Creating environment hook '/home/nick/ros2_ws/src/booty_description/install/booty_description/share/booty_description/hook/pythonpath.sh'
[0.695s] Level 1:colcon.colcon_core.environment:checking '/home/nick/ros2_ws/src/booty_description/install/booty_description/bin'
[0.695s] Level 1:colcon.colcon_core.environment:create_environment_scripts_only(booty_description)
[0.697s] INFO:colcon.colcon_core.shell:Creating package script '/home/nick/ros2_ws/src/booty_description/install/booty_description/share/booty_description/package.ps1'
[0.697s] INFO:colcon.colcon_core.shell:Creating package descriptor '/home/nick/ros2_ws/src/booty_description/install/booty_description/share/booty_description/package.dsv'
[0.697s] INFO:colcon.colcon_core.shell:Creating package script '/home/nick/ros2_ws/src/booty_description/install/booty_description/share/booty_description/package.sh'
[0.697s] INFO:colcon.colcon_core.shell:Creating package script '/home/nick/ros2_ws/src/booty_description/install/booty_description/share/booty_description/package.bash'
[0.698s] INFO:colcon.colcon_core.shell:Creating package script '/home/nick/ros2_ws/src/booty_description/install/booty_description/share/booty_description/package.zsh'
[0.698s] Level 1:colcon.colcon_core.environment:create_file_with_runtime_dependencies(/home/nick/ros2_ws/src/booty_description/install/booty_description/share/colcon-core/packages/booty_description)
[0.698s] DEBUG:colcon.colcon_parallel_executor.executor.parallel:closing loop
[0.698s] DEBUG:colcon.colcon_parallel_executor.executor.parallel:loop closed
[0.698s] DEBUG:colcon.colcon_parallel_executor.executor.parallel:run_until_complete finished with '0'
[0.698s] DEBUG:colcon.colcon_core.event_reactor:joining thread
[0.701s] INFO:colcon.colcon_core.plugin_system:Skipping extension 'colcon_notification.desktop_notification.terminal_notifier': Not used on non-Darwin systems
[0.701s] INFO:colcon.colcon_core.plugin_system:Skipping extension 'colcon_notification.desktop_notification.win32': Not used on non-Windows systems
[0.701s] INFO:colcon.colcon_notification.desktop_notification:Sending desktop notification using 'notify2'
[0.709s] DEBUG:colcon.colcon_core.event_reactor:joined thread
[0.711s] INFO:colcon.colcon_core.shell:Creating prefix script '/home/nick/ros2_ws/src/booty_description/install/local_setup.ps1'
[0.712s] INFO:colcon.colcon_core.shell:Creating prefix util module '/home/nick/ros2_ws/src/booty_description/install/_local_setup_util_ps1.py'
[0.712s] INFO:colcon.colcon_core.shell:Creating prefix chain script '/home/nick/ros2_ws/src/booty_description/install/setup.ps1'
[0.713s] INFO:colcon.colcon_core.shell:Creating prefix script '/home/nick/ros2_ws/src/booty_description/install/local_setup.sh'
[0.713s] INFO:colcon.colcon_core.shell:Creating prefix util module '/home/nick/ros2_ws/src/booty_description/install/_local_setup_util_sh.py'
[0.713s] INFO:colcon.colcon_core.shell:Creating prefix chain script '/home/nick/ros2_ws/src/booty_description/install/setup.sh'
[0.714s] INFO:colcon.colcon_core.shell:Creating prefix script '/home/nick/ros2_ws/src/booty_description/install/local_setup.bash'
[0.714s] INFO:colcon.colcon_core.shell:Creating prefix chain script '/home/nick/ros2_ws/src/booty_description/install/setup.bash'
[0.715s] INFO:colcon.colcon_core.shell:Creating prefix script '/home/nick/ros2_ws/src/booty_description/install/local_setup.zsh'
[0.715s] INFO:colcon.colcon_core.shell:Creating prefix chain script '/home/nick/ros2_ws/src/booty_description/install/setup.zsh'
